<?xml version="1.0" encoding="UTF-8"?>
<testng-results ignored="0" total="1" passed="1" failed="0" skipped="0">
  <reporter-output>
  </reporter-output>
  <suite started-at="2022-08-04T10:35:25 GMT+05:30" name="Maven_Demo.TestHello" finished-at="2022-08-04T10:35:25 GMT+05:30" duration-ms="91">
    <groups>
    </groups>
    <test started-at="2022-08-04T10:35:25 GMT+05:30" name="Command line test" finished-at="2022-08-04T10:35:25 GMT+05:30" duration-ms="91">
      <class name="Maven_Demo.TestHello">
        <test-method signature="test()[pri:0, instance:Maven_Demo.TestHello@6f1de4c7]" started-at="2022-08-04T10:35:25 GMT+05:30" name="test" finished-at="2022-08-04T10:35:25 GMT+05:30" duration-ms="9" status="PASS">
          <reporter-output>
          </reporter-output>
        </test-method> <!-- test -->
      </class> <!-- Maven_Demo.TestHello -->
    </test> <!-- Command line test -->
  </suite> <!-- Maven_Demo.TestHello -->
</testng-results>
